<?xml version="1.0" encoding="UTF-8"?>
<!-- Generated by org.testng.reporters.JUnitXMLReporter -->
<testsuite hostname="LAPTOP-4L1LBTUU" ignored="0" name="Default test" tests="5" failures="0" timestamp="22 Aug 2020 18:59:22 GMT" time="49.644" errors="0">
  <testcase name="TC_01_Addition" time="4.52" classname="com.GoogleCalculatorRegression.tests.SimpleCalculations"/>
  <testcase name="TC_03_Multiply" time="4.08" classname="com.GoogleCalculatorRegression.tests.SimpleCalculations"/>
  <testcase name="TC_04_Divide" time="3.013" classname="com.GoogleCalculatorRegression.tests.SimpleCalculations"/>
  <testcase name="TC_05_Percent" time="3.629" classname="com.GoogleCalculatorRegression.tests.SimpleCalculations"/>
  <testcase name="TC__02_Subtraction" time="5.268" classname="com.GoogleCalculatorRegression.tests.SimpleCalculations"/>
</testsuite> <!-- Default test -->
