<?xml version="1.0" encoding="UTF-8"?>
<!-- Generated by org.testng.reporters.JUnitXMLReporter -->
<testsuite hostname="LAPTOP-4L1LBTUU" ignored="6" name="Regression Suite" tests="1" failures="0" timestamp="20 Aug 2020 21:55:32 GMT" time="17.454" errors="0">
  <testcase name="TC_Addition" time="3.405" classname="com.GoogleCalculatorRegression.tests.SimpleCalculations"/>
  <testcase name="@BeforeTest setup" time="0.0" classname="com.GoogleCalculatorRegression.tests.BaseClass">
    <ignored/>
  </testcase> <!-- @BeforeTest setup -->
  <testcase name="@BeforeTest setup" time="0.0" classname="com.GoogleCalculatorRegression.tests.BaseClass">
    <ignored/>
  </testcase> <!-- @BeforeTest setup -->
  <testcase name="@BeforeTest setup" time="0.0" classname="com.GoogleCalculatorRegression.tests.BaseClass">
    <ignored/>
  </testcase> <!-- @BeforeTest setup -->
  <testcase name="@AfterTest tearDown" time="0.0" classname="com.GoogleCalculatorRegression.tests.BaseClass">
    <ignored/>
  </testcase> <!-- @AfterTest tearDown -->
  <testcase name="@AfterTest tearDown" time="0.0" classname="com.GoogleCalculatorRegression.tests.BaseClass">
    <ignored/>
  </testcase> <!-- @AfterTest tearDown -->
  <testcase name="@AfterTest tearDown" time="0.0" classname="com.GoogleCalculatorRegression.tests.BaseClass">
    <ignored/>
  </testcase> <!-- @AfterTest tearDown -->
</testsuite> <!-- Regression Suite -->
