<?xml version="1.0" encoding="UTF-8"?>
<!-- Generated by org.testng.reporters.JUnitXMLReporter -->
<testsuite hostname="LAPTOP-4L1LBTUU" ignored="12" name="Regression Tests" tests="20" failures="0" timestamp="22 Aug 2020 19:05:40 GMT" time="99.697" errors="0">
  <testcase name="TC_06_SinCheck" time="4.759" classname="com.GoogleCalculatorRegression.tests.AdvancedCalculations"/>
  <testcase name="TC_07_CosCheck" time="3.303" classname="com.GoogleCalculatorRegression.tests.AdvancedCalculations"/>
  <testcase name="TC_08_TanCheck" time="4.017" classname="com.GoogleCalculatorRegression.tests.AdvancedCalculations"/>
  <testcase name="TC_09_factorialCheck" time="2.364" classname="com.GoogleCalculatorRegression.tests.AdvancedCalculations"/>
  <testcase name="TC_10_parenthesisCheck" time="4.652" classname="com.GoogleCalculatorRegression.tests.AdvancedCalculations"/>
  <testcase name="TC_11_logCheck" time="3.405" classname="com.GoogleCalculatorRegression.tests.AdvancedCalculations"/>
  <testcase name="TC_12_naturalLogCheck" time="4.003" classname="com.GoogleCalculatorRegression.tests.AdvancedCalculations"/>
  <testcase name="TC_13_squareRootCheck" time="3.584" classname="com.GoogleCalculatorRegression.tests.AdvancedCalculations"/>
  <testcase name="TC_14_piCheck" time="6.096" classname="com.GoogleCalculatorRegression.tests.AdvancedCalculations"/>
  <testcase name="TC_15_inverseCosCheck" time="3.782" classname="com.GoogleCalculatorRegression.tests.InverseCalculations"/>
  <testcase name="TC_16_tenToPowerOf" time="2.401" classname="com.GoogleCalculatorRegression.tests.InverseCalculations"/>
  <testcase name="TC_17_squareCheck" time="2.741" classname="com.GoogleCalculatorRegression.tests.InverseCalculations"/>
  <testcase name="TC_18_inverseSinCheck" time="2.867" classname="com.GoogleCalculatorRegression.tests.InverseCalculations"/>
  <testcase name="TC_19_inverseTanCheck" time="2.436" classname="com.GoogleCalculatorRegression.tests.InverseCalculations"/>
  <testcase name="TC_20_exponentialCheck" time="3.181" classname="com.GoogleCalculatorRegression.tests.InverseCalculations"/>
  <testcase name="TC_01_Addition" time="3.446" classname="com.GoogleCalculatorRegression.tests.SimpleCalculations"/>
  <testcase name="TC_03_Multiply" time="4.449" classname="com.GoogleCalculatorRegression.tests.SimpleCalculations"/>
  <testcase name="TC_04_Divide" time="3.612" classname="com.GoogleCalculatorRegression.tests.SimpleCalculations"/>
  <testcase name="TC_05_Percent" time="2.911" classname="com.GoogleCalculatorRegression.tests.SimpleCalculations"/>
  <testcase name="TC__02_Subtraction" time="4.843" classname="com.GoogleCalculatorRegression.tests.SimpleCalculations"/>
  <testcase name="@BeforeSuite reportSetup" time="0.0" classname="com.GoogleCalculatorRegression.tests.BaseClass">
    <ignored/>
  </testcase> <!-- @BeforeSuite reportSetup -->
  <testcase name="@BeforeSuite reportSetup" time="0.0" classname="com.GoogleCalculatorRegression.tests.BaseClass">
    <ignored/>
  </testcase> <!-- @BeforeSuite reportSetup -->
  <testcase name="@BeforeSuite reportSetup" time="0.0" classname="com.GoogleCalculatorRegression.tests.BaseClass">
    <ignored/>
  </testcase> <!-- @BeforeSuite reportSetup -->
  <testcase name="@AfterSuite tearDownExtent" time="0.0" classname="com.GoogleCalculatorRegression.tests.BaseClass">
    <ignored/>
  </testcase> <!-- @AfterSuite tearDownExtent -->
  <testcase name="@AfterSuite tearDownExtent" time="0.0" classname="com.GoogleCalculatorRegression.tests.BaseClass">
    <ignored/>
  </testcase> <!-- @AfterSuite tearDownExtent -->
  <testcase name="@AfterSuite tearDownExtent" time="0.0" classname="com.GoogleCalculatorRegression.tests.BaseClass">
    <ignored/>
  </testcase> <!-- @AfterSuite tearDownExtent -->
  <testcase name="@BeforeTest setup" time="0.0" classname="com.GoogleCalculatorRegression.tests.BaseClass">
    <ignored/>
  </testcase> <!-- @BeforeTest setup -->
  <testcase name="@BeforeTest setup" time="0.0" classname="com.GoogleCalculatorRegression.tests.BaseClass">
    <ignored/>
  </testcase> <!-- @BeforeTest setup -->
  <testcase name="@BeforeTest setup" time="0.0" classname="com.GoogleCalculatorRegression.tests.BaseClass">
    <ignored/>
  </testcase> <!-- @BeforeTest setup -->
  <testcase name="@AfterTest tearDown" time="0.0" classname="com.GoogleCalculatorRegression.tests.BaseClass">
    <ignored/>
  </testcase> <!-- @AfterTest tearDown -->
  <testcase name="@AfterTest tearDown" time="0.0" classname="com.GoogleCalculatorRegression.tests.BaseClass">
    <ignored/>
  </testcase> <!-- @AfterTest tearDown -->
  <testcase name="@AfterTest tearDown" time="0.0" classname="com.GoogleCalculatorRegression.tests.BaseClass">
    <ignored/>
  </testcase> <!-- @AfterTest tearDown -->
</testsuite> <!-- Regression Tests -->
